This file contains any messages produced by compilers while
running configure, to aid debugging if configure makes a mistake.

It was created by DHCP configure 4.3.5, which was
generated by GNU Autoconf 2.69.  Invocation command line was

  $ ./configure 

## --------- ##
## Platform. ##
## --------- ##

hostname = Kuma
uname -m = x86_64
uname -r = 4.4.0-72-generic
uname -s = Linux
uname -v = #93-Ubuntu SMP Fri Mar 31 14:07:41 UTC 2017

/usr/bin/uname -p = unknown
/bin/uname -X     = unknown

/bin/arch              = unknown
/usr/bin/arch -k       = unknown
/usr/convex/getsysinfo = unknown
/usr/bin/hostinfo      = unknown
/bin/machine           = unknown
/usr/bin/oslevel       = unknown
/bin/universe          = unknown

PATH: /usr/local/sbin
PATH: /usr/local/bin
PATH: /usr/sbin
PATH: /usr/bin
PATH: /sbin
PATH: /bin
PATH: /usr/games
PATH: /usr/local/games
PATH: /snap/bin


## ----------- ##
## Core tests. ##
## ----------- ##

configure:2751: checking for a BSD-compatible install
configure:2819: result: /usr/bin/install -c
configure:2830: checking whether build environment is sane
configure:2885: result: yes
configure:3036: checking for a thread-safe mkdir -p
configure:3075: result: /bin/mkdir -p
configure:3082: checking for gawk
configure:3112: result: no
configure:3082: checking for mawk
configure:3098: found /usr/bin/mawk
configure:3109: result: mawk
configure:3120: checking whether make sets $(MAKE)
configure:3142: result: yes
configure:3171: checking whether make supports nested variables
configure:3188: result: yes
configure:3321: checking whether to enable maintainer-specific portions of Makefiles
configure:3330: result: no
configure:3348: checking build system type
configure:3362: result: x86_64-unknown-linux-gnu
configure:3382: checking host system type
configure:3395: result: x86_64-unknown-linux-gnu
configure:3470: checking for gcc
configure:3486: found /usr/bin/gcc
configure:3497: result: gcc
configure:3726: checking for C compiler version
configure:3735: gcc --version >&5
gcc (Ubuntu 5.4.0-6ubuntu1~16.04.4) 5.4.0 20160609
Copyright (C) 2015 Free Software Foundation, Inc.
This is free software; see the source for copying conditions.  There is NO
warranty; not even for MERCHANTABILITY or FITNESS FOR A PARTICULAR PURPOSE.

configure:3746: $? = 0
configure:3735: gcc -v >&5
Using built-in specs.
COLLECT_GCC=gcc
COLLECT_LTO_WRAPPER=/usr/lib/gcc/x86_64-linux-gnu/5/lto-wrapper
Target: x86_64-linux-gnu
Configured with: ../src/configure -v --with-pkgversion='Ubuntu 5.4.0-6ubuntu1~16.04.4' --with-bugurl=file:///usr/share/doc/gcc-5/README.Bugs --enable-languages=c,ada,c++,java,go,d,fortran,objc,obj-c++ --prefix=/usr --program-suffix=-5 --enable-shared --enable-linker-build-id --libexecdir=/usr/lib --without-included-gettext --enable-threads=posix --libdir=/usr/lib --enable-nls --with-sysroot=/ --enable-clocale=gnu --enable-libstdcxx-debug --enable-libstdcxx-time=yes --with-default-libstdcxx-abi=new --enable-gnu-unique-object --disable-vtable-verify --enable-libmpx --enable-plugin --with-system-zlib --disable-browser-plugin --enable-java-awt=gtk --enable-gtk-cairo --with-java-home=/usr/lib/jvm/java-1.5.0-gcj-5-amd64/jre --enable-java-home --with-jvm-root-dir=/usr/lib/jvm/java-1.5.0-gcj-5-amd64 --with-jvm-jar-dir=/usr/lib/jvm-exports/java-1.5.0-gcj-5-amd64 --with-arch-directory=amd64 --with-ecj-jar=/usr/share/java/eclipse-ecj.jar --enable-objc-gc --enable-multiarch --disable-werror --with-arch-32=i686 --with-abi=m64 --with-multilib-list=m32,m64,mx32 --enable-multilib --with-tune=generic --enable-checking=release --build=x86_64-linux-gnu --host=x86_64-linux-gnu --target=x86_64-linux-gnu
Thread model: posix
gcc version 5.4.0 20160609 (Ubuntu 5.4.0-6ubuntu1~16.04.4) 
configure:3746: $? = 0
configure:3735: gcc -V >&5
gcc: error: unrecognized command line option '-V'
gcc: fatal error: no input files
compilation terminated.
configure:3746: $? = 1
configure:3735: gcc -qversion >&5
gcc: error: unrecognized command line option '-qversion'
gcc: fatal error: no input files
compilation terminated.
configure:3746: $? = 1
configure:3766: checking whether the C compiler works
configure:3788: gcc    conftest.c  >&5
configure:3792: $? = 0
configure:3840: result: yes
configure:3843: checking for C compiler default output file name
configure:3845: result: a.out
configure:3851: checking for suffix of executables
configure:3858: gcc -o conftest    conftest.c  >&5
configure:3862: $? = 0
configure:3884: result: 
configure:3906: checking whether we are cross compiling
configure:3914: gcc -o conftest    conftest.c  >&5
configure:3918: $? = 0
configure:3925: ./conftest
configure:3929: $? = 0
configure:3944: result: no
configure:3949: checking for suffix of object files
configure:3971: gcc -c   conftest.c >&5
configure:3975: $? = 0
configure:3996: result: o
configure:4000: checking whether we are using the GNU C compiler
configure:4019: gcc -c   conftest.c >&5
configure:4019: $? = 0
configure:4028: result: yes
configure:4037: checking whether gcc accepts -g
configure:4057: gcc -c -g  conftest.c >&5
configure:4057: $? = 0
configure:4098: result: yes
configure:4115: checking for gcc option to accept ISO C89
configure:4178: gcc  -c -g -O2  conftest.c >&5
configure:4178: $? = 0
configure:4191: result: none needed
configure:4216: checking whether gcc understands -c and -o together
configure:4238: gcc -c conftest.c -o conftest2.o
configure:4241: $? = 0
configure:4238: gcc -c conftest.c -o conftest2.o
configure:4241: $? = 0
configure:4253: result: yes
configure:4281: checking for style of include used by make
configure:4309: result: GNU
configure:4335: checking dependency style of gcc
configure:4446: result: gcc3
configure:4499: checking how to run the C preprocessor
configure:4530: gcc -E  conftest.c
configure:4530: $? = 0
configure:4544: gcc -E  conftest.c
conftest.c:11:28: fatal error: ac_nonexistent.h: No such file or directory
compilation terminated.
configure:4544: $? = 1
configure: failed program was:
| /* confdefs.h */
| #define PACKAGE_NAME "DHCP"
| #define PACKAGE_TARNAME "dhcp"
| #define PACKAGE_VERSION "4.3.5"
| #define PACKAGE_STRING "DHCP 4.3.5"
| #define PACKAGE_BUGREPORT "dhcp-users@isc.org"
| #define PACKAGE_URL ""
| #define PACKAGE "dhcp"
| #define VERSION "4.3.5"
| /* end confdefs.h.  */
| #include <ac_nonexistent.h>
configure:4569: result: gcc -E
configure:4589: gcc -E  conftest.c
configure:4589: $? = 0
configure:4603: gcc -E  conftest.c
conftest.c:11:28: fatal error: ac_nonexistent.h: No such file or directory
compilation terminated.
configure:4603: $? = 1
configure: failed program was:
| /* confdefs.h */
| #define PACKAGE_NAME "DHCP"
| #define PACKAGE_TARNAME "dhcp"
| #define PACKAGE_VERSION "4.3.5"
| #define PACKAGE_STRING "DHCP 4.3.5"
| #define PACKAGE_BUGREPORT "dhcp-users@isc.org"
| #define PACKAGE_URL ""
| #define PACKAGE "dhcp"
| #define VERSION "4.3.5"
| /* end confdefs.h.  */
| #include <ac_nonexistent.h>
configure:4632: checking for grep that handles long lines and -e
configure:4690: result: /bin/grep
configure:4695: checking for egrep
configure:4757: result: /bin/grep -E
configure:4762: checking for ANSI C header files
configure:4782: gcc -c -g -O2  conftest.c >&5
configure:4782: $? = 0
configure:4855: gcc -o conftest -g -O2   conftest.c  >&5
configure:4855: $? = 0
configure:4855: ./conftest
configure:4855: $? = 0
configure:4866: result: yes
configure:4879: checking for sys/types.h
configure:4879: gcc -c -g -O2  conftest.c >&5
configure:4879: $? = 0
configure:4879: result: yes
configure:4879: checking for sys/stat.h
configure:4879: gcc -c -g -O2  conftest.c >&5
configure:4879: $? = 0
configure:4879: result: yes
configure:4879: checking for stdlib.h
configure:4879: gcc -c -g -O2  conftest.c >&5
configure:4879: $? = 0
configure:4879: result: yes
configure:4879: checking for string.h
configure:4879: gcc -c -g -O2  conftest.c >&5
configure:4879: $? = 0
configure:4879: result: yes
configure:4879: checking for memory.h
configure:4879: gcc -c -g -O2  conftest.c >&5
configure:4879: $? = 0
configure:4879: result: yes
configure:4879: checking for strings.h
configure:4879: gcc -c -g -O2  conftest.c >&5
configure:4879: $? = 0
configure:4879: result: yes
configure:4879: checking for inttypes.h
configure:4879: gcc -c -g -O2  conftest.c >&5
configure:4879: $? = 0
configure:4879: result: yes
configure:4879: checking for stdint.h
configure:4879: gcc -c -g -O2  conftest.c >&5
configure:4879: $? = 0
configure:4879: result: yes
configure:4879: checking for unistd.h
configure:4879: gcc -c -g -O2  conftest.c >&5
configure:4879: $? = 0
configure:4879: result: yes
configure:4892: checking minix/config.h usability
configure:4892: gcc -c -g -O2  conftest.c >&5
conftest.c:54:26: fatal error: minix/config.h: No such file or directory
compilation terminated.
configure:4892: $? = 1
configure: failed program was:
| /* confdefs.h */
| #define PACKAGE_NAME "DHCP"
| #define PACKAGE_TARNAME "dhcp"
| #define PACKAGE_VERSION "4.3.5"
| #define PACKAGE_STRING "DHCP 4.3.5"
| #define PACKAGE_BUGREPORT "dhcp-users@isc.org"
| #define PACKAGE_URL ""
| #define PACKAGE "dhcp"
| #define VERSION "4.3.5"
| #define STDC_HEADERS 1
| #define HAVE_SYS_TYPES_H 1
| #define HAVE_SYS_STAT_H 1
| #define HAVE_STDLIB_H 1
| #define HAVE_STRING_H 1
| #define HAVE_MEMORY_H 1
| #define HAVE_STRINGS_H 1
| #define HAVE_INTTYPES_H 1
| #define HAVE_STDINT_H 1
| #define HAVE_UNISTD_H 1
| /* end confdefs.h.  */
| #include <stdio.h>
| #ifdef HAVE_SYS_TYPES_H
| # include <sys/types.h>
| #endif
| #ifdef HAVE_SYS_STAT_H
| # include <sys/stat.h>
| #endif
| #ifdef STDC_HEADERS
| # include <stdlib.h>
| # include <stddef.h>
| #else
| # ifdef HAVE_STDLIB_H
| #  include <stdlib.h>
| # endif
| #endif
| #ifdef HAVE_STRING_H
| # if !defined STDC_HEADERS && defined HAVE_MEMORY_H
| #  include <memory.h>
| # endif
| # include <string.h>
| #endif
| #ifdef HAVE_STRINGS_H
| # include <strings.h>
| #endif
| #ifdef HAVE_INTTYPES_H
| # include <inttypes.h>
| #endif
| #ifdef HAVE_STDINT_H
| # include <stdint.h>
| #endif
| #ifdef HAVE_UNISTD_H
| # include <unistd.h>
| #endif
| #include <minix/config.h>
configure:4892: result: no
configure:4892: checking minix/config.h presence
configure:4892: gcc -E  conftest.c
conftest.c:21:26: fatal error: minix/config.h: No such file or directory
compilation terminated.
configure:4892: $? = 1
configure: failed program was:
| /* confdefs.h */
| #define PACKAGE_NAME "DHCP"
| #define PACKAGE_TARNAME "dhcp"
| #define PACKAGE_VERSION "4.3.5"
| #define PACKAGE_STRING "DHCP 4.3.5"
| #define PACKAGE_BUGREPORT "dhcp-users@isc.org"
| #define PACKAGE_URL ""
| #define PACKAGE "dhcp"
| #define VERSION "4.3.5"
| #define STDC_HEADERS 1
| #define HAVE_SYS_TYPES_H 1
| #define HAVE_SYS_STAT_H 1
| #define HAVE_STDLIB_H 1
| #define HAVE_STRING_H 1
| #define HAVE_MEMORY_H 1
| #define HAVE_STRINGS_H 1
| #define HAVE_INTTYPES_H 1
| #define HAVE_STDINT_H 1
| #define HAVE_UNISTD_H 1
| /* end confdefs.h.  */
| #include <minix/config.h>
configure:4892: result: no
configure:4892: checking for minix/config.h
configure:4892: result: no
configure:4913: checking whether it is safe to define __EXTENSIONS__
configure:4931: gcc -c -g -O2  conftest.c >&5
configure:4931: $? = 0
configure:4938: result: yes
configure:4996: checking for ranlib
configure:5012: found /usr/bin/ranlib
configure:5023: result: ranlib
configure:5048: checking for ar
configure:5066: found /usr/bin/ar
configure:5078: result: /usr/bin/ar
configure:5098: checking whether byte ordering is bigendian
configure:5113: gcc -c -g -O2  conftest.c >&5
conftest.c:27:9: error: unknown type name 'not'
         not a universal capable compiler
         ^
conftest.c:27:15: error: expected '=', ',', ';', 'asm' or '__attribute__' before 'universal'
         not a universal capable compiler
               ^
conftest.c:27:15: error: unknown type name 'universal'
configure:5113: $? = 1
configure: failed program was:
| /* confdefs.h */
| #define PACKAGE_NAME "DHCP"
| #define PACKAGE_TARNAME "dhcp"
| #define PACKAGE_VERSION "4.3.5"
| #define PACKAGE_STRING "DHCP 4.3.5"
| #define PACKAGE_BUGREPORT "dhcp-users@isc.org"
| #define PACKAGE_URL ""
| #define PACKAGE "dhcp"
| #define VERSION "4.3.5"
| #define STDC_HEADERS 1
| #define HAVE_SYS_TYPES_H 1
| #define HAVE_SYS_STAT_H 1
| #define HAVE_STDLIB_H 1
| #define HAVE_STRING_H 1
| #define HAVE_MEMORY_H 1
| #define HAVE_STRINGS_H 1
| #define HAVE_INTTYPES_H 1
| #define HAVE_STDINT_H 1
| #define HAVE_UNISTD_H 1
| #define __EXTENSIONS__ 1
| #define _ALL_SOURCE 1
| #define _GNU_SOURCE 1
| #define _POSIX_PTHREAD_SEMANTICS 1
| #define _TANDEM_SOURCE 1
| /* end confdefs.h.  */
| #ifndef __APPLE_CC__
| 	       not a universal capable compiler
| 	     #endif
| 	     typedef int dummy;
| 
configure:5158: gcc -c -g -O2  conftest.c >&5
configure:5158: $? = 0
configure:5176: gcc -c -g -O2  conftest.c >&5
conftest.c: In function 'main':
conftest.c:33:4: error: unknown type name 'not'
    not big endian
    ^
conftest.c:33:12: error: expected '=', ',', ';', 'asm' or '__attribute__' before 'endian'
    not big endian
            ^
configure:5176: $? = 1
configure: failed program was:
| /* confdefs.h */
| #define PACKAGE_NAME "DHCP"
| #define PACKAGE_TARNAME "dhcp"
| #define PACKAGE_VERSION "4.3.5"
| #define PACKAGE_STRING "DHCP 4.3.5"
| #define PACKAGE_BUGREPORT "dhcp-users@isc.org"
| #define PACKAGE_URL ""
| #define PACKAGE "dhcp"
| #define VERSION "4.3.5"
| #define STDC_HEADERS 1
| #define HAVE_SYS_TYPES_H 1
| #define HAVE_SYS_STAT_H 1
| #define HAVE_STDLIB_H 1
| #define HAVE_STRING_H 1
| #define HAVE_MEMORY_H 1
| #define HAVE_STRINGS_H 1
| #define HAVE_INTTYPES_H 1
| #define HAVE_STDINT_H 1
| #define HAVE_UNISTD_H 1
| #define __EXTENSIONS__ 1
| #define _ALL_SOURCE 1
| #define _GNU_SOURCE 1
| #define _POSIX_PTHREAD_SEMANTICS 1
| #define _TANDEM_SOURCE 1
| /* end confdefs.h.  */
| #include <sys/types.h>
| 		#include <sys/param.h>
| 
| int
| main ()
| {
| #if BYTE_ORDER != BIG_ENDIAN
| 		 not big endian
| 		#endif
| 
|   ;
|   return 0;
| }
configure:5304: result: no
configure:5698: checking for dhcpd
configure:5731: result: no
configure:5807: checking for dhcpd.leases location
configure:5830: result: /var/lib/dhcp/dhcpd.leases
configure:5844: checking for dhcpd6.leases location
configure:5867: result: /var/lib/dhcp/dhcpd6.leases
configure:5881: checking for dhclient.leases location
configure:5904: result: /var/lib/dhcp/dhclient.leases
configure:5918: checking for dhclient6.leases location
configure:5941: result: /var/lib/dhcp/dhclient6.leases
configure:6006: checking for int8_t
configure:6006: gcc -c -g -O2  conftest.c >&5
configure:6006: $? = 0
configure:6006: gcc -c -g -O2  conftest.c >&5
conftest.c: In function 'main':
conftest.c:68:12: error: size of array 'test_array' is negative
 static int test_array [1 - 2 * !((int8_t) (((((int8_t) 1 << N) << N) - 1) * 2 + 1)
            ^
configure:6006: $? = 1
configure: failed program was:
| /* confdefs.h */
| #define PACKAGE_NAME "DHCP"
| #define PACKAGE_TARNAME "dhcp"
| #define PACKAGE_VERSION "4.3.5"
| #define PACKAGE_STRING "DHCP 4.3.5"
| #define PACKAGE_BUGREPORT "dhcp-users@isc.org"
| #define PACKAGE_URL ""
| #define PACKAGE "dhcp"
| #define VERSION "4.3.5"
| #define STDC_HEADERS 1
| #define HAVE_SYS_TYPES_H 1
| #define HAVE_SYS_STAT_H 1
| #define HAVE_STDLIB_H 1
| #define HAVE_STRING_H 1
| #define HAVE_MEMORY_H 1
| #define HAVE_STRINGS_H 1
| #define HAVE_INTTYPES_H 1
| #define HAVE_STDINT_H 1
| #define HAVE_UNISTD_H 1
| #define __EXTENSIONS__ 1
| #define _ALL_SOURCE 1
| #define _GNU_SOURCE 1
| #define _POSIX_PTHREAD_SEMANTICS 1
| #define _TANDEM_SOURCE 1
| #define DHCP_BYTE_ORDER LITTLE_ENDIAN
| #define FAILOVER_PROTOCOL 1
| #define ENABLE_EXECUTE 1
| #define TRACING 1
| #define DHCPv6 1
| /* end confdefs.h.  */
| #include <stdio.h>
| #ifdef HAVE_SYS_TYPES_H
| # include <sys/types.h>
| #endif
| #ifdef HAVE_SYS_STAT_H
| # include <sys/stat.h>
| #endif
| #ifdef STDC_HEADERS
| # include <stdlib.h>
| # include <stddef.h>
| #else
| # ifdef HAVE_STDLIB_H
| #  include <stdlib.h>
| # endif
| #endif
| #ifdef HAVE_STRING_H
| # if !defined STDC_HEADERS && defined HAVE_MEMORY_H
| #  include <memory.h>
| # endif
| # include <string.h>
| #endif
| #ifdef HAVE_STRINGS_H
| # include <strings.h>
| #endif
| #ifdef HAVE_INTTYPES_H
| # include <inttypes.h>
| #endif
| #ifdef HAVE_STDINT_H
| # include <stdint.h>
| #endif
| #ifdef HAVE_UNISTD_H
| # include <unistd.h>
| #endif
| 	        enum { N = 8 / 2 - 1 };
| int
| main ()
| {
| static int test_array [1 - 2 * !((int8_t) (((((int8_t) 1 << N) << N) - 1) * 2 + 1)
| 		 < (int8_t) (((((int8_t) 1 << N) << N) - 1) * 2 + 2))];
| test_array [0] = 0;
| return test_array [0];
| 
|   ;
|   return 0;
| }
configure:6006: result: yes
configure:6017: checking for int16_t
configure:6017: gcc -c -g -O2  conftest.c >&5
configure:6017: $? = 0
configure:6017: gcc -c -g -O2  conftest.c >&5
conftest.c: In function 'main':
conftest.c:68:12: error: size of array 'test_array' is negative
 static int test_array [1 - 2 * !((int16_t) (((((int16_t) 1 << N) << N) - 1) * 2 + 1)
            ^
configure:6017: $? = 1
configure: failed program was:
| /* confdefs.h */
| #define PACKAGE_NAME "DHCP"
| #define PACKAGE_TARNAME "dhcp"
| #define PACKAGE_VERSION "4.3.5"
| #define PACKAGE_STRING "DHCP 4.3.5"
| #define PACKAGE_BUGREPORT "dhcp-users@isc.org"
| #define PACKAGE_URL ""
| #define PACKAGE "dhcp"
| #define VERSION "4.3.5"
| #define STDC_HEADERS 1
| #define HAVE_SYS_TYPES_H 1
| #define HAVE_SYS_STAT_H 1
| #define HAVE_STDLIB_H 1
| #define HAVE_STRING_H 1
| #define HAVE_MEMORY_H 1
| #define HAVE_STRINGS_H 1
| #define HAVE_INTTYPES_H 1
| #define HAVE_STDINT_H 1
| #define HAVE_UNISTD_H 1
| #define __EXTENSIONS__ 1
| #define _ALL_SOURCE 1
| #define _GNU_SOURCE 1
| #define _POSIX_PTHREAD_SEMANTICS 1
| #define _TANDEM_SOURCE 1
| #define DHCP_BYTE_ORDER LITTLE_ENDIAN
| #define FAILOVER_PROTOCOL 1
| #define ENABLE_EXECUTE 1
| #define TRACING 1
| #define DHCPv6 1
| /* end confdefs.h.  */
| #include <stdio.h>
| #ifdef HAVE_SYS_TYPES_H
| # include <sys/types.h>
| #endif
| #ifdef HAVE_SYS_STAT_H
| # include <sys/stat.h>
| #endif
| #ifdef STDC_HEADERS
| # include <stdlib.h>
| # include <stddef.h>
| #else
| # ifdef HAVE_STDLIB_H
| #  include <stdlib.h>
| # endif
| #endif
| #ifdef HAVE_STRING_H
| # if !defined STDC_HEADERS && defined HAVE_MEMORY_H
| #  include <memory.h>
| # endif
| # include <string.h>
| #endif
| #ifdef HAVE_STRINGS_H
| # include <strings.h>
| #endif
| #ifdef HAVE_INTTYPES_H
| # include <inttypes.h>
| #endif
| #ifdef HAVE_STDINT_H
| # include <stdint.h>
| #endif
| #ifdef HAVE_UNISTD_H
| # include <unistd.h>
| #endif
| 	        enum { N = 16 / 2 - 1 };
| int
| main ()
| {
| static int test_array [1 - 2 * !((int16_t) (((((int16_t) 1 << N) << N) - 1) * 2 + 1)
| 		 < (int16_t) (((((int16_t) 1 << N) << N) - 1) * 2 + 2))];
| test_array [0] = 0;
| return test_array [0];
| 
|   ;
|   return 0;
| }
configure:6017: result: yes
configure:6028: checking for int32_t
configure:6028: gcc -c -g -O2  conftest.c >&5
configure:6028: $? = 0
configure:6028: gcc -c -g -O2  conftest.c >&5
conftest.c: In function 'main':
conftest.c:69:53: warning: integer overflow in expression [-Woverflow]
    < (int32_t) (((((int32_t) 1 << N) << N) - 1) * 2 + 2))];
                                                     ^
conftest.c:68:12: error: storage size of 'test_array' isn't constant
 static int test_array [1 - 2 * !((int32_t) (((((int32_t) 1 << N) << N) - 1) * 2 + 1)
            ^
configure:6028: $? = 1
configure: failed program was:
| /* confdefs.h */
| #define PACKAGE_NAME "DHCP"
| #define PACKAGE_TARNAME "dhcp"
| #define PACKAGE_VERSION "4.3.5"
| #define PACKAGE_STRING "DHCP 4.3.5"
| #define PACKAGE_BUGREPORT "dhcp-users@isc.org"
| #define PACKAGE_URL ""
| #define PACKAGE "dhcp"
| #define VERSION "4.3.5"
| #define STDC_HEADERS 1
| #define HAVE_SYS_TYPES_H 1
| #define HAVE_SYS_STAT_H 1
| #define HAVE_STDLIB_H 1
| #define HAVE_STRING_H 1
| #define HAVE_MEMORY_H 1
| #define HAVE_STRINGS_H 1
| #define HAVE_INTTYPES_H 1
| #define HAVE_STDINT_H 1
| #define HAVE_UNISTD_H 1
| #define __EXTENSIONS__ 1
| #define _ALL_SOURCE 1
| #define _GNU_SOURCE 1
| #define _POSIX_PTHREAD_SEMANTICS 1
| #define _TANDEM_SOURCE 1
| #define DHCP_BYTE_ORDER LITTLE_ENDIAN
| #define FAILOVER_PROTOCOL 1
| #define ENABLE_EXECUTE 1
| #define TRACING 1
| #define DHCPv6 1
| /* end confdefs.h.  */
| #include <stdio.h>
| #ifdef HAVE_SYS_TYPES_H
| # include <sys/types.h>
| #endif
| #ifdef HAVE_SYS_STAT_H
| # include <sys/stat.h>
| #endif
| #ifdef STDC_HEADERS
| # include <stdlib.h>
| # include <stddef.h>
| #else
| # ifdef HAVE_STDLIB_H
| #  include <stdlib.h>
| # endif
| #endif
| #ifdef HAVE_STRING_H
| # if !defined STDC_HEADERS && defined HAVE_MEMORY_H
| #  include <memory.h>
| # endif
| # include <string.h>
| #endif
| #ifdef HAVE_STRINGS_H
| # include <strings.h>
| #endif
| #ifdef HAVE_INTTYPES_H
| # include <inttypes.h>
| #endif
| #ifdef HAVE_STDINT_H
| # include <stdint.h>
| #endif
| #ifdef HAVE_UNISTD_H
| # include <unistd.h>
| #endif
| 	        enum { N = 32 / 2 - 1 };
| int
| main ()
| {
| static int test_array [1 - 2 * !((int32_t) (((((int32_t) 1 << N) << N) - 1) * 2 + 1)
| 		 < (int32_t) (((((int32_t) 1 << N) << N) - 1) * 2 + 2))];
| test_array [0] = 0;
| return test_array [0];
| 
|   ;
|   return 0;
| }
configure:6028: result: yes
configure:6039: checking for int64_t
configure:6039: gcc -c -g -O2  conftest.c >&5
configure:6039: $? = 0
configure:6039: gcc -c -g -O2  conftest.c >&5
conftest.c: In function 'main':
conftest.c:69:53: warning: integer overflow in expression [-Woverflow]
    < (int64_t) (((((int64_t) 1 << N) << N) - 1) * 2 + 2))];
                                                     ^
conftest.c:68:12: error: storage size of 'test_array' isn't constant
 static int test_array [1 - 2 * !((int64_t) (((((int64_t) 1 << N) << N) - 1) * 2 + 1)
            ^
configure:6039: $? = 1
configure: failed program was:
| /* confdefs.h */
| #define PACKAGE_NAME "DHCP"
| #define PACKAGE_TARNAME "dhcp"
| #define PACKAGE_VERSION "4.3.5"
| #define PACKAGE_STRING "DHCP 4.3.5"
| #define PACKAGE_BUGREPORT "dhcp-users@isc.org"
| #define PACKAGE_URL ""
| #define PACKAGE "dhcp"
| #define VERSION "4.3.5"
| #define STDC_HEADERS 1
| #define HAVE_SYS_TYPES_H 1
| #define HAVE_SYS_STAT_H 1
| #define HAVE_STDLIB_H 1
| #define HAVE_STRING_H 1
| #define HAVE_MEMORY_H 1
| #define HAVE_STRINGS_H 1
| #define HAVE_INTTYPES_H 1
| #define HAVE_STDINT_H 1
| #define HAVE_UNISTD_H 1
| #define __EXTENSIONS__ 1
| #define _ALL_SOURCE 1
| #define _GNU_SOURCE 1
| #define _POSIX_PTHREAD_SEMANTICS 1
| #define _TANDEM_SOURCE 1
| #define DHCP_BYTE_ORDER LITTLE_ENDIAN
| #define FAILOVER_PROTOCOL 1
| #define ENABLE_EXECUTE 1
| #define TRACING 1
| #define DHCPv6 1
| /* end confdefs.h.  */
| #include <stdio.h>
| #ifdef HAVE_SYS_TYPES_H
| # include <sys/types.h>
| #endif
| #ifdef HAVE_SYS_STAT_H
| # include <sys/stat.h>
| #endif
| #ifdef STDC_HEADERS
| # include <stdlib.h>
| # include <stddef.h>
| #else
| # ifdef HAVE_STDLIB_H
| #  include <stdlib.h>
| # endif
| #endif
| #ifdef HAVE_STRING_H
| # if !defined STDC_HEADERS && defined HAVE_MEMORY_H
| #  include <memory.h>
| # endif
| # include <string.h>
| #endif
| #ifdef HAVE_STRINGS_H
| # include <strings.h>
| #endif
| #ifdef HAVE_INTTYPES_H
| # include <inttypes.h>
| #endif
| #ifdef HAVE_STDINT_H
| # include <stdint.h>
| #endif
| #ifdef HAVE_UNISTD_H
| # include <unistd.h>
| #endif
| 	        enum { N = 64 / 2 - 1 };
| int
| main ()
| {
| static int test_array [1 - 2 * !((int64_t) (((((int64_t) 1 << N) << N) - 1) * 2 + 1)
| 		 < (int64_t) (((((int64_t) 1 << N) << N) - 1) * 2 + 2))];
| test_array [0] = 0;
| return test_array [0];
| 
|   ;
|   return 0;
| }
configure:6039: result: yes
configure:6052: checking for u_int8_t
configure:6052: gcc -c -g -O2  conftest.c >&5
configure:6052: $? = 0
configure:6052: gcc -c -g -O2  conftest.c >&5
conftest.c: In function 'main':
conftest.c:67:23: error: expected expression before ')' token
 if (sizeof ((u_int8_t)))
                       ^
configure:6052: $? = 1
configure: failed program was:
| /* confdefs.h */
| #define PACKAGE_NAME "DHCP"
| #define PACKAGE_TARNAME "dhcp"
| #define PACKAGE_VERSION "4.3.5"
| #define PACKAGE_STRING "DHCP 4.3.5"
| #define PACKAGE_BUGREPORT "dhcp-users@isc.org"
| #define PACKAGE_URL ""
| #define PACKAGE "dhcp"
| #define VERSION "4.3.5"
| #define STDC_HEADERS 1
| #define HAVE_SYS_TYPES_H 1
| #define HAVE_SYS_STAT_H 1
| #define HAVE_STDLIB_H 1
| #define HAVE_STRING_H 1
| #define HAVE_MEMORY_H 1
| #define HAVE_STRINGS_H 1
| #define HAVE_INTTYPES_H 1
| #define HAVE_STDINT_H 1
| #define HAVE_UNISTD_H 1
| #define __EXTENSIONS__ 1
| #define _ALL_SOURCE 1
| #define _GNU_SOURCE 1
| #define _POSIX_PTHREAD_SEMANTICS 1
| #define _TANDEM_SOURCE 1
| #define DHCP_BYTE_ORDER LITTLE_ENDIAN
| #define FAILOVER_PROTOCOL 1
| #define ENABLE_EXECUTE 1
| #define TRACING 1
| #define DHCPv6 1
| /* end confdefs.h.  */
| #include <stdio.h>
| #ifdef HAVE_SYS_TYPES_H
| # include <sys/types.h>
| #endif
| #ifdef HAVE_SYS_STAT_H
| # include <sys/stat.h>
| #endif
| #ifdef STDC_HEADERS
| # include <stdlib.h>
| # include <stddef.h>
| #else
| # ifdef HAVE_STDLIB_H
| #  include <stdlib.h>
| # endif
| #endif
| #ifdef HAVE_STRING_H
| # if !defined STDC_HEADERS && defined HAVE_MEMORY_H
| #  include <memory.h>
| # endif
| # include <string.h>
| #endif
| #ifdef HAVE_STRINGS_H
| # include <strings.h>
| #endif
| #ifdef HAVE_INTTYPES_H
| # include <inttypes.h>
| #endif
| #ifdef HAVE_STDINT_H
| # include <stdint.h>
| #endif
| #ifdef HAVE_UNISTD_H
| # include <unistd.h>
| #endif
| int
| main ()
| {
| if (sizeof ((u_int8_t)))
| 	    return 0;
|   ;
|   return 0;
| }
configure:6052: result: yes
configure:6077: checking for u_int16_t
configure:6077: gcc -c -g -O2  conftest.c >&5
configure:6077: $? = 0
configure:6077: gcc -c -g -O2  conftest.c >&5
conftest.c: In function 'main':
conftest.c:67:24: error: expected expression before ')' token
 if (sizeof ((u_int16_t)))
                        ^
configure:6077: $? = 1
configure: failed program was:
| /* confdefs.h */
| #define PACKAGE_NAME "DHCP"
| #define PACKAGE_TARNAME "dhcp"
| #define PACKAGE_VERSION "4.3.5"
| #define PACKAGE_STRING "DHCP 4.3.5"
| #define PACKAGE_BUGREPORT "dhcp-users@isc.org"
| #define PACKAGE_URL ""
| #define PACKAGE "dhcp"
| #define VERSION "4.3.5"
| #define STDC_HEADERS 1
| #define HAVE_SYS_TYPES_H 1
| #define HAVE_SYS_STAT_H 1
| #define HAVE_STDLIB_H 1
| #define HAVE_STRING_H 1
| #define HAVE_MEMORY_H 1
| #define HAVE_STRINGS_H 1
| #define HAVE_INTTYPES_H 1
| #define HAVE_STDINT_H 1
| #define HAVE_UNISTD_H 1
| #define __EXTENSIONS__ 1
| #define _ALL_SOURCE 1
| #define _GNU_SOURCE 1
| #define _POSIX_PTHREAD_SEMANTICS 1
| #define _TANDEM_SOURCE 1
| #define DHCP_BYTE_ORDER LITTLE_ENDIAN
| #define FAILOVER_PROTOCOL 1
| #define ENABLE_EXECUTE 1
| #define TRACING 1
| #define DHCPv6 1
| /* end confdefs.h.  */
| #include <stdio.h>
| #ifdef HAVE_SYS_TYPES_H
| # include <sys/types.h>
| #endif
| #ifdef HAVE_SYS_STAT_H
| # include <sys/stat.h>
| #endif
| #ifdef STDC_HEADERS
| # include <stdlib.h>
| # include <stddef.h>
| #else
| # ifdef HAVE_STDLIB_H
| #  include <stdlib.h>
| # endif
| #endif
| #ifdef HAVE_STRING_H
| # if !defined STDC_HEADERS && defined HAVE_MEMORY_H
| #  include <memory.h>
| # endif
| # include <string.h>
| #endif
| #ifdef HAVE_STRINGS_H
| # include <strings.h>
| #endif
| #ifdef HAVE_INTTYPES_H
| # include <inttypes.h>
| #endif
| #ifdef HAVE_STDINT_H
| # include <stdint.h>
| #endif
| #ifdef HAVE_UNISTD_H
| # include <unistd.h>
| #endif
| int
| main ()
| {
| if (sizeof ((u_int16_t)))
| 	    return 0;
|   ;
|   return 0;
| }
configure:6077: result: yes
configure:6100: checking for u_int32_t
configure:6100: gcc -c -g -O2  conftest.c >&5
configure:6100: $? = 0
configure:6100: gcc -c -g -O2  conftest.c >&5
conftest.c: In function 'main':
conftest.c:67:24: error: expected expression before ')' token
 if (sizeof ((u_int32_t)))
                        ^
configure:6100: $? = 1
configure: failed program was:
| /* confdefs.h */
| #define PACKAGE_NAME "DHCP"
| #define PACKAGE_TARNAME "dhcp"
| #define PACKAGE_VERSION "4.3.5"
| #define PACKAGE_STRING "DHCP 4.3.5"
| #define PACKAGE_BUGREPORT "dhcp-users@isc.org"
| #define PACKAGE_URL ""
| #define PACKAGE "dhcp"
| #define VERSION "4.3.5"
| #define STDC_HEADERS 1
| #define HAVE_SYS_TYPES_H 1
| #define HAVE_SYS_STAT_H 1
| #define HAVE_STDLIB_H 1
| #define HAVE_STRING_H 1
| #define HAVE_MEMORY_H 1
| #define HAVE_STRINGS_H 1
| #define HAVE_INTTYPES_H 1
| #define HAVE_STDINT_H 1
| #define HAVE_UNISTD_H 1
| #define __EXTENSIONS__ 1
| #define _ALL_SOURCE 1
| #define _GNU_SOURCE 1
| #define _POSIX_PTHREAD_SEMANTICS 1
| #define _TANDEM_SOURCE 1
| #define DHCP_BYTE_ORDER LITTLE_ENDIAN
| #define FAILOVER_PROTOCOL 1
| #define ENABLE_EXECUTE 1
| #define TRACING 1
| #define DHCPv6 1
| /* end confdefs.h.  */
| #include <stdio.h>
| #ifdef HAVE_SYS_TYPES_H
| # include <sys/types.h>
| #endif
| #ifdef HAVE_SYS_STAT_H
| # include <sys/stat.h>
| #endif
| #ifdef STDC_HEADERS
| # include <stdlib.h>
| # include <stddef.h>
| #else
| # ifdef HAVE_STDLIB_H
| #  include <stdlib.h>
| # endif
| #endif
| #ifdef HAVE_STRING_H
| # if !defined STDC_HEADERS && defined HAVE_MEMORY_H
| #  include <memory.h>
| # endif
| # include <string.h>
| #endif
| #ifdef HAVE_STRINGS_H
| # include <strings.h>
| #endif
| #ifdef HAVE_INTTYPES_H
| # include <inttypes.h>
| #endif
| #ifdef HAVE_STDINT_H
| # include <stdint.h>
| #endif
| #ifdef HAVE_UNISTD_H
| # include <unistd.h>
| #endif
| int
| main ()
| {
| if (sizeof ((u_int32_t)))
| 	    return 0;
|   ;
|   return 0;
| }
configure:6100: result: yes
configure:6125: checking for u_int64_t
configure:6125: gcc -c -g -O2  conftest.c >&5
configure:6125: $? = 0
configure:6125: gcc -c -g -O2  conftest.c >&5
conftest.c: In function 'main':
conftest.c:67:24: error: expected expression before ')' token
 if (sizeof ((u_int64_t)))
                        ^
configure:6125: $? = 1
configure: failed program was:
| /* confdefs.h */
| #define PACKAGE_NAME "DHCP"
| #define PACKAGE_TARNAME "dhcp"
| #define PACKAGE_VERSION "4.3.5"
| #define PACKAGE_STRING "DHCP 4.3.5"
| #define PACKAGE_BUGREPORT "dhcp-users@isc.org"
| #define PACKAGE_URL ""
| #define PACKAGE "dhcp"
| #define VERSION "4.3.5"
| #define STDC_HEADERS 1
| #define HAVE_SYS_TYPES_H 1
| #define HAVE_SYS_STAT_H 1
| #define HAVE_STDLIB_H 1
| #define HAVE_STRING_H 1
| #define HAVE_MEMORY_H 1
| #define HAVE_STRINGS_H 1
| #define HAVE_INTTYPES_H 1
| #define HAVE_STDINT_H 1
| #define HAVE_UNISTD_H 1
| #define __EXTENSIONS__ 1
| #define _ALL_SOURCE 1
| #define _GNU_SOURCE 1
| #define _POSIX_PTHREAD_SEMANTICS 1
| #define _TANDEM_SOURCE 1
| #define DHCP_BYTE_ORDER LITTLE_ENDIAN
| #define FAILOVER_PROTOCOL 1
| #define ENABLE_EXECUTE 1
| #define TRACING 1
| #define DHCPv6 1
| /* end confdefs.h.  */
| #include <stdio.h>
| #ifdef HAVE_SYS_TYPES_H
| # include <sys/types.h>
| #endif
| #ifdef HAVE_SYS_STAT_H
| # include <sys/stat.h>
| #endif
| #ifdef STDC_HEADERS
| # include <stdlib.h>
| # include <stddef.h>
| #else
| # ifdef HAVE_STDLIB_H
| #  include <stdlib.h>
| # endif
| #endif
| #ifdef HAVE_STRING_H
| # if !defined STDC_HEADERS && defined HAVE_MEMORY_H
| #  include <memory.h>
| # endif
| # include <string.h>
| #endif
| #ifdef HAVE_STRINGS_H
| # include <strings.h>
| #endif
| #ifdef HAVE_INTTYPES_H
| # include <inttypes.h>
| #endif
| #ifdef HAVE_STDINT_H
| # include <stdint.h>
| #endif
| #ifdef HAVE_UNISTD_H
| # include <unistd.h>
| #endif
| int
| main ()
| {
| if (sizeof ((u_int64_t)))
| 	    return 0;
|   ;
|   return 0;
| }
configure:6125: result: yes
configure:6154: checking ifaddrs.h usability
configure:6154: gcc -c -g -O2  conftest.c >&5
configure:6154: $? = 0
configure:6154: result: yes
configure:6154: checking ifaddrs.h presence
configure:6154: gcc -E  conftest.c
configure:6154: $? = 0
configure:6154: result: yes
configure:6154: checking for ifaddrs.h
configure:6154: result: yes
configure:6168: checking linux/types.h usability
configure:6168: gcc -c -g -O2  conftest.c >&5
configure:6168: $? = 0
configure:6168: result: yes
configure:6168: checking linux/types.h presence
configure:6168: gcc -E  conftest.c
configure:6168: $? = 0
configure:6168: result: yes
configure:6168: checking for linux/types.h
configure:6168: result: yes
configure:6179: checking for linux/filter.h
configure:6179: gcc -c -g -O2  conftest.c >&5
configure:6179: $? = 0
configure:6179: result: yes
configure:6229: checking for struct lifnum
configure:6246: gcc -c -g -O2  conftest.c >&5
conftest.c: In function 'main':
conftest.c:41:16: error: storage size of 'a' isn't known
  struct lifnum a;
                ^
configure:6246: $? = 1
configure: failed program was:
| /* confdefs.h */
| #define PACKAGE_NAME "DHCP"
| #define PACKAGE_TARNAME "dhcp"
| #define PACKAGE_VERSION "4.3.5"
| #define PACKAGE_STRING "DHCP 4.3.5"
| #define PACKAGE_BUGREPORT "dhcp-users@isc.org"
| #define PACKAGE_URL ""
| #define PACKAGE "dhcp"
| #define VERSION "4.3.5"
| #define STDC_HEADERS 1
| #define HAVE_SYS_TYPES_H 1
| #define HAVE_SYS_STAT_H 1
| #define HAVE_STDLIB_H 1
| #define HAVE_STRING_H 1
| #define HAVE_MEMORY_H 1
| #define HAVE_STRINGS_H 1
| #define HAVE_INTTYPES_H 1
| #define HAVE_STDINT_H 1
| #define HAVE_UNISTD_H 1
| #define __EXTENSIONS__ 1
| #define _ALL_SOURCE 1
| #define _GNU_SOURCE 1
| #define _POSIX_PTHREAD_SEMANTICS 1
| #define _TANDEM_SOURCE 1
| #define DHCP_BYTE_ORDER LITTLE_ENDIAN
| #define FAILOVER_PROTOCOL 1
| #define ENABLE_EXECUTE 1
| #define TRACING 1
| #define DHCPv6 1
| #define HAVE_IFADDRS_H 1
| #define HAVE_LINUX_TYPES_H 1
| #define HAVE_LPF 1
| /* end confdefs.h.  */
|  #include <sys/types.h>
|   #include <sys/socket.h>
|   #include <net/if.h>
| 
| int
| main ()
| {
|  struct lifnum a;
| 
|   ;
|   return 0;
| }
configure:6253: result: no
configure:6258: checking for struct if_laddrconf
configure:6274: gcc -c -g -O2  conftest.c >&5
conftest.c:35:23: fatal error: net/if6.h: No such file or directory
compilation terminated.
configure:6274: $? = 1
configure: failed program was:
| /* confdefs.h */
| #define PACKAGE_NAME "DHCP"
| #define PACKAGE_TARNAME "dhcp"
| #define PACKAGE_VERSION "4.3.5"
| #define PACKAGE_STRING "DHCP 4.3.5"
| #define PACKAGE_BUGREPORT "dhcp-users@isc.org"
| #define PACKAGE_URL ""
| #define PACKAGE "dhcp"
| #define VERSION "4.3.5"
| #define STDC_HEADERS 1
| #define HAVE_SYS_TYPES_H 1
| #define HAVE_SYS_STAT_H 1
| #define HAVE_STDLIB_H 1
| #define HAVE_STRING_H 1
| #define HAVE_MEMORY_H 1
| #define HAVE_STRINGS_H 1
| #define HAVE_INTTYPES_H 1
| #define HAVE_STDINT_H 1
| #define HAVE_UNISTD_H 1
| #define __EXTENSIONS__ 1
| #define _ALL_SOURCE 1
| #define _GNU_SOURCE 1
| #define _POSIX_PTHREAD_SEMANTICS 1
| #define _TANDEM_SOURCE 1
| #define DHCP_BYTE_ORDER LITTLE_ENDIAN
| #define FAILOVER_PROTOCOL 1
| #define ENABLE_EXECUTE 1
| #define TRACING 1
| #define DHCPv6 1
| #define HAVE_IFADDRS_H 1
| #define HAVE_LINUX_TYPES_H 1
| #define HAVE_LPF 1
| /* end confdefs.h.  */
|  #include <sys/types.h>
|   #include <net/if6.h>
| 
| int
| main ()
| {
|  struct if_laddrconf a;
| 
|   ;
|   return 0;
| }
configure:6281: result: no
configure:6286: checking for struct if_laddrreq
configure:6302: gcc -o conftest -g -O2   conftest.c  >&5
conftest.c:35:22: fatal error: net/if6.h: No such file or directory
compilation terminated.
configure:6302: $? = 1
configure: failed program was:
| /* confdefs.h */
| #define PACKAGE_NAME "DHCP"
| #define PACKAGE_TARNAME "dhcp"
| #define PACKAGE_VERSION "4.3.5"
| #define PACKAGE_STRING "DHCP 4.3.5"
| #define PACKAGE_BUGREPORT "dhcp-users@isc.org"
| #define PACKAGE_URL ""
| #define PACKAGE "dhcp"
| #define VERSION "4.3.5"
| #define STDC_HEADERS 1
| #define HAVE_SYS_TYPES_H 1
| #define HAVE_SYS_STAT_H 1
| #define HAVE_STDLIB_H 1
| #define HAVE_STRING_H 1
| #define HAVE_MEMORY_H 1
| #define HAVE_STRINGS_H 1
| #define HAVE_INTTYPES_H 1
| #define HAVE_STDINT_H 1
| #define HAVE_UNISTD_H 1
| #define __EXTENSIONS__ 1
| #define _ALL_SOURCE 1
| #define _GNU_SOURCE 1
| #define _POSIX_PTHREAD_SEMANTICS 1
| #define _TANDEM_SOURCE 1
| #define DHCP_BYTE_ORDER LITTLE_ENDIAN
| #define FAILOVER_PROTOCOL 1
| #define ENABLE_EXECUTE 1
| #define TRACING 1
| #define DHCPv6 1
| #define HAVE_IFADDRS_H 1
| #define HAVE_LINUX_TYPES_H 1
| #define HAVE_LPF 1
| /* end confdefs.h.  */
| #include <sys/types.h>
|  #include <net/if6.h>
| 
| int
| main ()
| {
|  struct if_laddrreq a;
| 
|   ;
|   return 0;
| }
configure:6309: result: no
configure:6318: checking for GCC noreturn attribute
configure:6331: gcc -c -g -O2  conftest.c >&5
configure:6331: $? = 0
configure:6332: result: yes
configure:6350: checking sys/socket.h usability
configure:6350: gcc -c -g -O2  conftest.c >&5
configure:6350: $? = 0
configure:6350: result: yes
configure:6350: checking sys/socket.h presence
configure:6350: gcc -E  conftest.c
configure:6350: $? = 0
configure:6350: result: yes
configure:6350: checking for sys/socket.h
configure:6350: result: yes
configure:6350: checking net/if_dl.h usability
configure:6350: gcc -c -g -O2  conftest.c >&5
conftest.c:69:23: fatal error: net/if_dl.h: No such file or directory
compilation terminated.
configure:6350: $? = 1
configure: failed program was:
| /* confdefs.h */
| #define PACKAGE_NAME "DHCP"
| #define PACKAGE_TARNAME "dhcp"
| #define PACKAGE_VERSION "4.3.5"
| #define PACKAGE_STRING "DHCP 4.3.5"
| #define PACKAGE_BUGREPORT "dhcp-users@isc.org"
| #define PACKAGE_URL ""
| #define PACKAGE "dhcp"
| #define VERSION "4.3.5"
| #define STDC_HEADERS 1
| #define HAVE_SYS_TYPES_H 1
| #define HAVE_SYS_STAT_H 1
| #define HAVE_STDLIB_H 1
| #define HAVE_STRING_H 1
| #define HAVE_MEMORY_H 1
| #define HAVE_STRINGS_H 1
| #define HAVE_INTTYPES_H 1
| #define HAVE_STDINT_H 1
| #define HAVE_UNISTD_H 1
| #define __EXTENSIONS__ 1
| #define _ALL_SOURCE 1
| #define _GNU_SOURCE 1
| #define _POSIX_PTHREAD_SEMANTICS 1
| #define _TANDEM_SOURCE 1
| #define DHCP_BYTE_ORDER LITTLE_ENDIAN
| #define FAILOVER_PROTOCOL 1
| #define ENABLE_EXECUTE 1
| #define TRACING 1
| #define DHCPv6 1
| #define HAVE_IFADDRS_H 1
| #define HAVE_LINUX_TYPES_H 1
| #define HAVE_LPF 1
| #define ISC_DHCP_NORETURN __attribute__((noreturn))
| #define HAVE_SYS_SOCKET_H 1
| /* end confdefs.h.  */
| #include <stdio.h>
| #ifdef HAVE_SYS_TYPES_H
| # include <sys/types.h>
| #endif
| #ifdef HAVE_SYS_STAT_H
| # include <sys/stat.h>
| #endif
| #ifdef STDC_HEADERS
| # include <stdlib.h>
| # include <stddef.h>
| #else
| # ifdef HAVE_STDLIB_H
| #  include <stdlib.h>
| # endif
| #endif
| #ifdef HAVE_STRING_H
| # if !defined STDC_HEADERS && defined HAVE_MEMORY_H
| #  include <memory.h>
| # endif
| # include <string.h>
| #endif
| #ifdef HAVE_STRINGS_H
| # include <strings.h>
| #endif
| #ifdef HAVE_INTTYPES_H
| # include <inttypes.h>
| #endif
| #ifdef HAVE_STDINT_H
| # include <stdint.h>
| #endif
| #ifdef HAVE_UNISTD_H
| # include <unistd.h>
| #endif
| #include <net/if_dl.h>
configure:6350: result: no
configure:6350: checking net/if_dl.h presence
configure:6350: gcc -E  conftest.c
conftest.c:36:23: fatal error: net/if_dl.h: No such file or directory
compilation terminated.
configure:6350: $? = 1
configure: failed program was:
| /* confdefs.h */
| #define PACKAGE_NAME "DHCP"
| #define PACKAGE_TARNAME "dhcp"
| #define PACKAGE_VERSION "4.3.5"
| #define PACKAGE_STRING "DHCP 4.3.5"
| #define PACKAGE_BUGREPORT "dhcp-users@isc.org"
| #define PACKAGE_URL ""
| #define PACKAGE "dhcp"
| #define VERSION "4.3.5"
| #define STDC_HEADERS 1
| #define HAVE_SYS_TYPES_H 1
| #define HAVE_SYS_STAT_H 1
| #define HAVE_STDLIB_H 1
| #define HAVE_STRING_H 1
| #define HAVE_MEMORY_H 1
| #define HAVE_STRINGS_H 1
| #define HAVE_INTTYPES_H 1
| #define HAVE_STDINT_H 1
| #define HAVE_UNISTD_H 1
| #define __EXTENSIONS__ 1
| #define _ALL_SOURCE 1
| #define _GNU_SOURCE 1
| #define _POSIX_PTHREAD_SEMANTICS 1
| #define _TANDEM_SOURCE 1
| #define DHCP_BYTE_ORDER LITTLE_ENDIAN
| #define FAILOVER_PROTOCOL 1
| #define ENABLE_EXECUTE 1
| #define TRACING 1
| #define DHCPv6 1
| #define HAVE_IFADDRS_H 1
| #define HAVE_LINUX_TYPES_H 1
| #define HAVE_LPF 1
| #define ISC_DHCP_NORETURN __attribute__((noreturn))
| #define HAVE_SYS_SOCKET_H 1
| /* end confdefs.h.  */
| #include <net/if_dl.h>
configure:6350: result: no
configure:6350: checking for net/if_dl.h
configure:6350: result: no
configure:6350: checking net/if6.h usability
configure:6350: gcc -c -g -O2  conftest.c >&5
conftest.c:69:21: fatal error: net/if6.h: No such file or directory
compilation terminated.
configure:6350: $? = 1
configure: failed program was:
| /* confdefs.h */
| #define PACKAGE_NAME "DHCP"
| #define PACKAGE_TARNAME "dhcp"
| #define PACKAGE_VERSION "4.3.5"
| #define PACKAGE_STRING "DHCP 4.3.5"
| #define PACKAGE_BUGREPORT "dhcp-users@isc.org"
| #define PACKAGE_URL ""
| #define PACKAGE "dhcp"
| #define VERSION "4.3.5"
| #define STDC_HEADERS 1
| #define HAVE_SYS_TYPES_H 1
| #define HAVE_SYS_STAT_H 1
| #define HAVE_STDLIB_H 1
| #define HAVE_STRING_H 1
| #define HAVE_MEMORY_H 1
| #define HAVE_STRINGS_H 1
| #define HAVE_INTTYPES_H 1
| #define HAVE_STDINT_H 1
| #define HAVE_UNISTD_H 1
| #define __EXTENSIONS__ 1
| #define _ALL_SOURCE 1
| #define _GNU_SOURCE 1
| #define _POSIX_PTHREAD_SEMANTICS 1
| #define _TANDEM_SOURCE 1
| #define DHCP_BYTE_ORDER LITTLE_ENDIAN
| #define FAILOVER_PROTOCOL 1
| #define ENABLE_EXECUTE 1
| #define TRACING 1
| #define DHCPv6 1
| #define HAVE_IFADDRS_H 1
| #define HAVE_LINUX_TYPES_H 1
| #define HAVE_LPF 1
| #define ISC_DHCP_NORETURN __attribute__((noreturn))
| #define HAVE_SYS_SOCKET_H 1
| /* end confdefs.h.  */
| #include <stdio.h>
| #ifdef HAVE_SYS_TYPES_H
| # include <sys/types.h>
| #endif
| #ifdef HAVE_SYS_STAT_H
| # include <sys/stat.h>
| #endif
| #ifdef STDC_HEADERS
| # include <stdlib.h>
| # include <stddef.h>
| #else
| # ifdef HAVE_STDLIB_H
| #  include <stdlib.h>
| # endif
| #endif
| #ifdef HAVE_STRING_H
| # if !defined STDC_HEADERS && defined HAVE_MEMORY_H
| #  include <memory.h>
| # endif
| # include <string.h>
| #endif
| #ifdef HAVE_STRINGS_H
| # include <strings.h>
| #endif
| #ifdef HAVE_INTTYPES_H
| # include <inttypes.h>
| #endif
| #ifdef HAVE_STDINT_H
| # include <stdint.h>
| #endif
| #ifdef HAVE_UNISTD_H
| # include <unistd.h>
| #endif
| #include <net/if6.h>
configure:6350: result: no
configure:6350: checking net/if6.h presence
configure:6350: gcc -E  conftest.c
conftest.c:36:21: fatal error: net/if6.h: No such file or directory
compilation terminated.
configure:6350: $? = 1
configure: failed program was:
| /* confdefs.h */
| #define PACKAGE_NAME "DHCP"
| #define PACKAGE_TARNAME "dhcp"
| #define PACKAGE_VERSION "4.3.5"
| #define PACKAGE_STRING "DHCP 4.3.5"
| #define PACKAGE_BUGREPORT "dhcp-users@isc.org"
| #define PACKAGE_URL ""
| #define PACKAGE "dhcp"
| #define VERSION "4.3.5"
| #define STDC_HEADERS 1
| #define HAVE_SYS_TYPES_H 1
| #define HAVE_SYS_STAT_H 1
| #define HAVE_STDLIB_H 1
| #define HAVE_STRING_H 1
| #define HAVE_MEMORY_H 1
| #define HAVE_STRINGS_H 1
| #define HAVE_INTTYPES_H 1
| #define HAVE_STDINT_H 1
| #define HAVE_UNISTD_H 1
| #define __EXTENSIONS__ 1
| #define _ALL_SOURCE 1
| #define _GNU_SOURCE 1
| #define _POSIX_PTHREAD_SEMANTICS 1
| #define _TANDEM_SOURCE 1
| #define DHCP_BYTE_ORDER LITTLE_ENDIAN
| #define FAILOVER_PROTOCOL 1
| #define ENABLE_EXECUTE 1
| #define TRACING 1
| #define DHCPv6 1
| #define HAVE_IFADDRS_H 1
| #define HAVE_LINUX_TYPES_H 1
| #define HAVE_LPF 1
| #define ISC_DHCP_NORETURN __attribute__((noreturn))
| #define HAVE_SYS_SOCKET_H 1
| /* end confdefs.h.  */
| #include <net/if6.h>
configure:6350: result: no
configure:6350: checking for net/if6.h
configure:6350: result: no
configure:6350: checking regex.h usability
configure:6350: gcc -c -g -O2  conftest.c >&5
configure:6350: $? = 0
configure:6350: result: yes
configure:6350: checking regex.h presence
configure:6350: gcc -E  conftest.c
configure:6350: $? = 0
configure:6350: result: yes
configure:6350: checking for regex.h
configure:6350: result: yes
configure:6362: checking for library containing socket
configure:6393: gcc -o conftest -g -O2   conftest.c  >&5
configure:6393: $? = 0
configure:6410: result: none required
configure:6418: checking for library containing inet_ntoa
configure:6449: gcc -o conftest -g -O2   conftest.c  >&5
configure:6449: $? = 0
configure:6466: result: none required
configure:6475: checking for library containing inet_aton
configure:6506: gcc -o conftest -g -O2   conftest.c  >&5
configure:6506: $? = 0
configure:6523: result: none required
configure:6537: checking for library containing regcomp
configure:6568: gcc -o conftest -g -O2   conftest.c  >&5
configure:6568: $? = 0
configure:6585: result: none required
configure:6596: checking for strlcat
configure:6596: gcc -o conftest -g -O2   conftest.c  >&5
/tmp/ccxTpU9X.o: In function `main':
/home/sccsatmtn/ISC_DHCP_for_NIDTGA/conftest.c:71: undefined reference to `strlcat'
collect2: error: ld returned 1 exit status
configure:6596: $? = 1
configure: failed program was:
| /* confdefs.h */
| #define PACKAGE_NAME "DHCP"
| #define PACKAGE_TARNAME "dhcp"
| #define PACKAGE_VERSION "4.3.5"
| #define PACKAGE_STRING "DHCP 4.3.5"
| #define PACKAGE_BUGREPORT "dhcp-users@isc.org"
| #define PACKAGE_URL ""
| #define PACKAGE "dhcp"
| #define VERSION "4.3.5"
| #define STDC_HEADERS 1
| #define HAVE_SYS_TYPES_H 1
| #define HAVE_SYS_STAT_H 1
| #define HAVE_STDLIB_H 1
| #define HAVE_STRING_H 1
| #define HAVE_MEMORY_H 1
| #define HAVE_STRINGS_H 1
| #define HAVE_INTTYPES_H 1
| #define HAVE_STDINT_H 1
| #define HAVE_UNISTD_H 1
| #define __EXTENSIONS__ 1
| #define _ALL_SOURCE 1
| #define _GNU_SOURCE 1
| #define _POSIX_PTHREAD_SEMANTICS 1
| #define _TANDEM_SOURCE 1
| #define DHCP_BYTE_ORDER LITTLE_ENDIAN
| #define FAILOVER_PROTOCOL 1
| #define ENABLE_EXECUTE 1
| #define TRACING 1
| #define DHCPv6 1
| #define HAVE_IFADDRS_H 1
| #define HAVE_LINUX_TYPES_H 1
| #define HAVE_LPF 1
| #define ISC_DHCP_NORETURN __attribute__((noreturn))
| #define HAVE_SYS_SOCKET_H 1
| #define HAVE_REGEX_H 1
| /* end confdefs.h.  */
| /* Define strlcat to an innocuous variant, in case <limits.h> declares strlcat.
|    For example, HP-UX 11i <limits.h> declares gettimeofday.  */
| #define strlcat innocuous_strlcat
| 
| /* System header to define __stub macros and hopefully few prototypes,
|     which can conflict with char strlcat (); below.
|     Prefer <limits.h> to <assert.h> if __STDC__ is defined, since
|     <limits.h> exists even on freestanding compilers.  */
| 
| #ifdef __STDC__
| # include <limits.h>
| #else
| # include <assert.h>
| #endif
| 
| #undef strlcat
| 
| /* Override any GCC internal prototype to avoid an error.
|    Use char because int might match the return type of a GCC
|    builtin and then its argument prototype would still apply.  */
| #ifdef __cplusplus
| extern "C"
| #endif
| char strlcat ();
| /* The GNU C library defines this for functions which it implements
|     to always fail with ENOSYS.  Some functions are actually named
|     something starting with __ and the normal name is an alias.  */
| #if defined __stub_strlcat || defined __stub___strlcat
| choke me
| #endif
| 
| int
| main ()
| {
| return strlcat ();
|   ;
|   return 0;
| }
configure:6596: result: no
configure:6607: checking for library containing if_nametoindex
configure:6638: gcc -o conftest -g -O2   conftest.c  >&5
configure:6638: $? = 0
configure:6655: result: none required
configure:6665: checking for random device
configure:6694: result: /dev/random
configure:6697: checking for /dev/random
configure:6711: result: yes
configure:6726: checking for struct sockaddr.sa_len
configure:6726: gcc -c -g -O2  conftest.c >&5
conftest.c: In function 'main':
conftest.c:44:12: error: 'struct sockaddr' has no member named 'sa_len'
 if (ac_aggr.sa_len)
            ^
configure:6726: $? = 1
configure: failed program was:
| /* confdefs.h */
| #define PACKAGE_NAME "DHCP"
| #define PACKAGE_TARNAME "dhcp"
| #define PACKAGE_VERSION "4.3.5"
| #define PACKAGE_STRING "DHCP 4.3.5"
| #define PACKAGE_BUGREPORT "dhcp-users@isc.org"
| #define PACKAGE_URL ""
| #define PACKAGE "dhcp"
| #define VERSION "4.3.5"
| #define STDC_HEADERS 1
| #define HAVE_SYS_TYPES_H 1
| #define HAVE_SYS_STAT_H 1
| #define HAVE_STDLIB_H 1
| #define HAVE_STRING_H 1
| #define HAVE_MEMORY_H 1
| #define HAVE_STRINGS_H 1
| #define HAVE_INTTYPES_H 1
| #define HAVE_STDINT_H 1
| #define HAVE_UNISTD_H 1
| #define __EXTENSIONS__ 1
| #define _ALL_SOURCE 1
| #define _GNU_SOURCE 1
| #define _POSIX_PTHREAD_SEMANTICS 1
| #define _TANDEM_SOURCE 1
| #define DHCP_BYTE_ORDER LITTLE_ENDIAN
| #define FAILOVER_PROTOCOL 1
| #define ENABLE_EXECUTE 1
| #define TRACING 1
| #define DHCPv6 1
| #define HAVE_IFADDRS_H 1
| #define HAVE_LINUX_TYPES_H 1
| #define HAVE_LPF 1
| #define ISC_DHCP_NORETURN __attribute__((noreturn))
| #define HAVE_SYS_SOCKET_H 1
| #define HAVE_REGEX_H 1
| #define HAVE_DEV_RANDOM 1
| /* end confdefs.h.  */
| #include <sys/socket.h>
| 
| int
| main ()
| {
| static struct sockaddr ac_aggr;
| if (ac_aggr.sa_len)
| return 0;
|   ;
|   return 0;
| }
configure:6726: gcc -c -g -O2  conftest.c >&5
conftest.c: In function 'main':
conftest.c:44:19: error: 'struct sockaddr' has no member named 'sa_len'
 if (sizeof ac_aggr.sa_len)
                   ^
configure:6726: $? = 1
configure: failed program was:
| /* confdefs.h */
| #define PACKAGE_NAME "DHCP"
| #define PACKAGE_TARNAME "dhcp"
| #define PACKAGE_VERSION "4.3.5"
| #define PACKAGE_STRING "DHCP 4.3.5"
| #define PACKAGE_BUGREPORT "dhcp-users@isc.org"
| #define PACKAGE_URL ""
| #define PACKAGE "dhcp"
| #define VERSION "4.3.5"
| #define STDC_HEADERS 1
| #define HAVE_SYS_TYPES_H 1
| #define HAVE_SYS_STAT_H 1
| #define HAVE_STDLIB_H 1
| #define HAVE_STRING_H 1
| #define HAVE_MEMORY_H 1
| #define HAVE_STRINGS_H 1
| #define HAVE_INTTYPES_H 1
| #define HAVE_STDINT_H 1
| #define HAVE_UNISTD_H 1
| #define __EXTENSIONS__ 1
| #define _ALL_SOURCE 1
| #define _GNU_SOURCE 1
| #define _POSIX_PTHREAD_SEMANTICS 1
| #define _TANDEM_SOURCE 1
| #define DHCP_BYTE_ORDER LITTLE_ENDIAN
| #define FAILOVER_PROTOCOL 1
| #define ENABLE_EXECUTE 1
| #define TRACING 1
| #define DHCPv6 1
| #define HAVE_IFADDRS_H 1
| #define HAVE_LINUX_TYPES_H 1
| #define HAVE_LPF 1
| #define ISC_DHCP_NORETURN __attribute__((noreturn))
| #define HAVE_SYS_SOCKET_H 1
| #define HAVE_REGEX_H 1
| #define HAVE_DEV_RANDOM 1
| /* end confdefs.h.  */
| #include <sys/socket.h>
| 
| int
| main ()
| {
| static struct sockaddr ac_aggr;
| if (sizeof ac_aggr.sa_len)
| return 0;
|   ;
|   return 0;
| }
configure:6726: result: no
configure:6742: checking size of struct iaddr *
configure:6747: gcc -o conftest -g -O2 -I.   conftest.c  >&5
configure:6747: $? = 0
configure:6747: ./conftest
configure:6747: $? = 0
configure:6765: result: 8
configure:6788: checking for struct msghdr.msg_control
configure:6788: gcc -c -g -O2  conftest.c >&5
configure:6788: $? = 0
configure:6788: result: yes
configure:6815: checking for struct tpacket_auxdata.tp_vlan_tci
configure:6815: gcc -c -g -O2  conftest.c >&5
configure:6815: $? = 0
configure:6815: result: yes
configure:7201: checking for flexible array members
configure:7224: gcc -c -g -O2  -Wall -Werror -fno-strict-aliasing -I$(top_srcdir)/includes -I${top_srcdir}/bind/include  conftest.c >&5
configure:7224: $? = 0
configure:7231: result: yes
configure:7354: checking that generated files are newer than configure
configure:7360: result: done
configure:7400: creating ./config.status

## ---------------------- ##
## Running config.status. ##
## ---------------------- ##

This file was extended by DHCP config.status 4.3.5, which was
generated by GNU Autoconf 2.69.  Invocation command line was

  CONFIG_FILES    = 
  CONFIG_HEADERS  = 
  CONFIG_LINKS    = 
  CONFIG_COMMANDS = 
  $ ./config.status 

on Kuma

config.status:917: creating Makefile
config.status:917: creating ./bind/Makefile
config.status:917: creating client/Makefile
config.status:917: creating client/tests/Makefile
config.status:917: creating common/Makefile
config.status:917: creating common/tests/Makefile
config.status:917: creating dhcpctl/Makefile
config.status:917: creating includes/Makefile
config.status:917: creating omapip/Makefile
config.status:917: creating relay/Makefile
config.status:917: creating server/Makefile
config.status:917: creating tests/Makefile
config.status:917: creating tests/unittest.sh
config.status:917: creating server/tests/Makefile
config.status:917: creating doc/devel/doxyfile
config.status:917: creating includes/config.h
config.status:1063: includes/config.h is unchanged
config.status:1111: executing depfiles commands

## ---------------- ##
## Cache variables. ##
## ---------------- ##

ac_cv_build=x86_64-unknown-linux-gnu
ac_cv_c_bigendian=no
ac_cv_c_compiler_gnu=yes
ac_cv_c_flexmember=yes
ac_cv_c_int16_t=yes
ac_cv_c_int32_t=yes
ac_cv_c_int64_t=yes
ac_cv_c_int8_t=yes
ac_cv_env_CC_set=
ac_cv_env_CC_value=
ac_cv_env_CFLAGS_set=
ac_cv_env_CFLAGS_value=
ac_cv_env_CPPFLAGS_set=
ac_cv_env_CPPFLAGS_value=
ac_cv_env_CPP_set=
ac_cv_env_CPP_value=
ac_cv_env_LDFLAGS_set=
ac_cv_env_LDFLAGS_value=
ac_cv_env_LIBS_set=
ac_cv_env_LIBS_value=
ac_cv_env_build_alias_set=
ac_cv_env_build_alias_value=
ac_cv_env_host_alias_set=
ac_cv_env_host_alias_value=
ac_cv_env_target_alias_set=
ac_cv_env_target_alias_value=
ac_cv_file__dev_random=yes
ac_cv_func_strlcat=no
ac_cv_header_ifaddrs_h=yes
ac_cv_header_inttypes_h=yes
ac_cv_header_linux_filter_h=yes
ac_cv_header_linux_types_h=yes
ac_cv_header_memory_h=yes
ac_cv_header_minix_config_h=no
ac_cv_header_net_if6_h=no
ac_cv_header_net_if_dl_h=no
ac_cv_header_regex_h=yes
ac_cv_header_stdc=yes
ac_cv_header_stdint_h=yes
ac_cv_header_stdlib_h=yes
ac_cv_header_string_h=yes
ac_cv_header_strings_h=yes
ac_cv_header_sys_socket_h=yes
ac_cv_header_sys_stat_h=yes
ac_cv_header_sys_types_h=yes
ac_cv_header_unistd_h=yes
ac_cv_host=x86_64-unknown-linux-gnu
ac_cv_member_struct_msghdr_msg_control=yes
ac_cv_member_struct_sockaddr_sa_len=no
ac_cv_member_struct_tpacket_auxdata_tp_vlan_tci=yes
ac_cv_objext=o
ac_cv_path_AR=/usr/bin/ar
ac_cv_path_EGREP='/bin/grep -E'
ac_cv_path_GREP=/bin/grep
ac_cv_path_install='/usr/bin/install -c'
ac_cv_path_mkdir=/bin/mkdir
ac_cv_prog_AWK=mawk
ac_cv_prog_CPP='gcc -E'
ac_cv_prog_ac_ct_CC=gcc
ac_cv_prog_ac_ct_RANLIB=ranlib
ac_cv_prog_cc_c89=
ac_cv_prog_cc_g=yes
ac_cv_prog_make_make_set=yes
ac_cv_safe_to_define___extensions__=yes
ac_cv_search_if_nametoindex='none required'
ac_cv_search_inet_aton='none required'
ac_cv_search_inet_ntoa='none required'
ac_cv_search_regcomp='none required'
ac_cv_search_socket='none required'
ac_cv_sizeof_struct_iaddr_p=8
ac_cv_type_u_int16_t=yes
ac_cv_type_u_int32_t=yes
ac_cv_type_u_int64_t=yes
ac_cv_type_u_int8_t=yes
am_cv_CC_dependencies_compiler_type=gcc3
am_cv_make_support_nested_variables=yes
am_cv_prog_cc_c_o=yes

## ----------------- ##
## Output variables. ##
## ----------------- ##

ACLOCAL='${SHELL} /home/sccsatmtn/ISC_DHCP_for_NIDTGA/missing aclocal-1.15'
AMDEPBACKSLASH='\'
AMDEP_FALSE='#'
AMDEP_TRUE=''
AMTAR='$${TAR-tar}'
AM_BACKSLASH='\'
AM_DEFAULT_V='$(AM_DEFAULT_VERBOSITY)'
AM_DEFAULT_VERBOSITY='1'
AM_V='$(V)'
AR='/usr/bin/ar'
ATF_BIN=''
ATF_CFLAGS=''
ATF_LDFLAGS=''
AUTOCONF='${SHELL} /home/sccsatmtn/ISC_DHCP_for_NIDTGA/missing autoconf'
AUTOHEADER='${SHELL} /home/sccsatmtn/ISC_DHCP_for_NIDTGA/missing autoheader'
AUTOMAKE='${SHELL} /home/sccsatmtn/ISC_DHCP_for_NIDTGA/missing automake-1.15'
AWK='mawk'
BINDCONFIG=' --with-randomdev=/dev/random'
BINDDIR='${top_srcdir}/bind'
BINDSRCDIR='${top_srcdir}/bind'
BIND_ATF_FALSE=''
BIND_ATF_TRUE='#'
CC='gcc'
CCDEPMODE='depmode=gcc3'
CFLAGS='-g -O2  -Wall -Werror -fno-strict-aliasing -I$(top_srcdir)/includes -I${top_srcdir}/bind/include'
CPP='gcc -E'
CPPFLAGS=''
CROSS_COMPILING_FALSE=''
CROSS_COMPILING_TRUE='#'
CYGPATH_W='echo'
DEFS='-DHAVE_CONFIG_H'
DEPDIR='.deps'
DISTCHECK_ATF_CONFIGURE_FLAG=''
ECHO_C=''
ECHO_N='-n'
ECHO_T=''
EGREP='/bin/grep -E'
EXEEXT=''
GREP='/bin/grep'
HAVE_ATF_FALSE=''
HAVE_ATF_TRUE='#'
INSTALL_DATA='${INSTALL} -m 644'
INSTALL_PROGRAM='${INSTALL}'
INSTALL_SCRIPT='${INSTALL}'
INSTALL_STRIP_PROGRAM='$(install_sh) -c -s'
LDAP_CFLAGS=''
LDAP_LIBS=''
LDFLAGS=''
LIBOBJS=''
LIBS=''
LTLIBOBJS=''
MAINT='#'
MAINTAINER_MODE_FALSE=''
MAINTAINER_MODE_TRUE='#'
MAKEINFO='${SHELL} /home/sccsatmtn/ISC_DHCP_for_NIDTGA/missing makeinfo'
MKDIR_P='/bin/mkdir -p'
OBJEXT='o'
PACKAGE='dhcp'
PACKAGE_BUGREPORT='dhcp-users@isc.org'
PACKAGE_NAME='DHCP'
PACKAGE_STRING='DHCP 4.3.5'
PACKAGE_TARNAME='dhcp'
PACKAGE_URL=''
PACKAGE_VERSION='4.3.5'
PATH_SEPARATOR=':'
RANLIB='ranlib'
SET_MAKE=''
SHELL='/bin/bash'
STRIP=''
VERSION='4.3.5'
ac_ct_CC='gcc'
ac_prefix_program=''
am__EXEEXT_FALSE=''
am__EXEEXT_TRUE='#'
am__fastdepCC_FALSE='#'
am__fastdepCC_TRUE=''
am__include='include'
am__isrc=''
am__leading_dot='.'
am__nodep='_no'
am__quote=''
am__tar='$${TAR-tar} chof - "$$tardir"'
am__untar='$${TAR-tar} xf -'
bindir='${exec_prefix}/bin'
build='x86_64-unknown-linux-gnu'
build_alias=''
build_cpu='x86_64'
build_os='linux-gnu'
build_vendor='unknown'
byte_order='LITTLE_ENDIAN'
datadir='${datarootdir}'
datarootdir='${prefix}/share'
docdir='${datarootdir}/doc/${PACKAGE_TARNAME}'
dvidir='${docdir}'
exec_prefix='${prefix}'
host='x86_64-unknown-linux-gnu'
host_alias=''
host_cpu='x86_64'
host_os='linux-gnu'
host_vendor='unknown'
htmldir='${docdir}'
includedir='${prefix}/include'
infodir='${datarootdir}/info'
install_sh='${SHELL} /home/sccsatmtn/ISC_DHCP_for_NIDTGA/install-sh'
libdir='${exec_prefix}/lib'
libexecdir='${exec_prefix}/libexec'
localedir='${datarootdir}/locale'
localstatedir='/var'
mandir='${datarootdir}/man'
mkdir_p='$(MKDIR_P)'
oldincludedir='/usr/include'
pdfdir='${docdir}'
pkgcfg_found=''
prefix='/usr/local'
program_transform_name='s,x,x,'
psdir='${docdir}'
sbindir='${exec_prefix}/sbin'
sharedstatedir='${prefix}/com'
sysconfdir='${prefix}/etc'
target_alias=''

## ----------- ##
## confdefs.h. ##
## ----------- ##

/* confdefs.h */
#define PACKAGE_NAME "DHCP"
#define PACKAGE_TARNAME "dhcp"
#define PACKAGE_VERSION "4.3.5"
#define PACKAGE_STRING "DHCP 4.3.5"
#define PACKAGE_BUGREPORT "dhcp-users@isc.org"
#define PACKAGE_URL ""
#define PACKAGE "dhcp"
#define VERSION "4.3.5"
#define STDC_HEADERS 1
#define HAVE_SYS_TYPES_H 1
#define HAVE_SYS_STAT_H 1
#define HAVE_STDLIB_H 1
#define HAVE_STRING_H 1
#define HAVE_MEMORY_H 1
#define HAVE_STRINGS_H 1
#define HAVE_INTTYPES_H 1
#define HAVE_STDINT_H 1
#define HAVE_UNISTD_H 1
#define __EXTENSIONS__ 1
#define _ALL_SOURCE 1
#define _GNU_SOURCE 1
#define _POSIX_PTHREAD_SEMANTICS 1
#define _TANDEM_SOURCE 1
#define DHCP_BYTE_ORDER LITTLE_ENDIAN
#define FAILOVER_PROTOCOL 1
#define ENABLE_EXECUTE 1
#define TRACING 1
#define DHCPv6 1
#define HAVE_IFADDRS_H 1
#define HAVE_LINUX_TYPES_H 1
#define HAVE_LPF 1
#define ISC_DHCP_NORETURN __attribute__((noreturn))
#define HAVE_SYS_SOCKET_H 1
#define HAVE_REGEX_H 1
#define HAVE_DEV_RANDOM 1
#define SIZEOF_STRUCT_IADDR_P 8
#define VLAN_TCI_PRESENT 1
#define FLEXIBLE_ARRAY_MEMBER /**/

configure: exit 0
